<?xml version="1.0" encoding="UTF-8"?>
<testng-results ignored="0" total="1" passed="1" failed="0" skipped="0">
  <reporter-output>
  </reporter-output>
  <suite started-at="2021-12-26T18:24:11 CST" name="Default suite" finished-at="2021-12-26T18:24:11 CST" duration-ms="41">
    <groups>
    </groups>
    <test started-at="2021-12-26T18:24:11 CST" name="Default test" finished-at="2021-12-26T18:24:11 CST" duration-ms="41">
      <class name="PeopleNtech.Automationtraining.NewTestAnnotations">
        <test-method is-config="true" signature="beforeSuite()[pri:0, instance:PeopleNtech.Automationtraining.NewTestAnnotations@3059cbc]" started-at="2021-12-26T18:24:11 CST" name="beforeSuite" finished-at="2021-12-26T18:24:11 CST" duration-ms="8" status="PASS">
          <reporter-output>
          </reporter-output>
        </test-method> <!-- beforeSuite -->
        <test-method is-config="true" signature="beforeTest()[pri:0, instance:PeopleNtech.Automationtraining.NewTestAnnotations@3059cbc]" started-at="2021-12-26T18:24:11 CST" name="beforeTest" finished-at="2021-12-26T18:24:11 CST" duration-ms="0" status="PASS">
          <reporter-output>
          </reporter-output>
        </test-method> <!-- beforeTest -->
        <test-method is-config="true" signature="beforeClass()[pri:0, instance:PeopleNtech.Automationtraining.NewTestAnnotations@3059cbc]" started-at="2021-12-26T18:24:11 CST" name="beforeClass" finished-at="2021-12-26T18:24:11 CST" duration-ms="0" status="PASS">
          <reporter-output>
          </reporter-output>
        </test-method> <!-- beforeClass -->
        <test-method is-config="true" signature="beforeMethod()[pri:0, instance:PeopleNtech.Automationtraining.NewTestAnnotations@3059cbc]" started-at="2021-12-26T18:24:11 CST" name="beforeMethod" finished-at="2021-12-26T18:24:11 CST" duration-ms="1" status="PASS">
          <reporter-output>
          </reporter-output>
        </test-method> <!-- beforeMethod -->
        <test-method signature="f()[pri:0, instance:PeopleNtech.Automationtraining.NewTestAnnotations@3059cbc]" started-at="2021-12-26T18:24:11 CST" name="f" finished-at="2021-12-26T18:24:11 CST" duration-ms="6" status="PASS">
          <reporter-output>
          </reporter-output>
        </test-method> <!-- f -->
        <test-method is-config="true" signature="afterMethod()[pri:0, instance:PeopleNtech.Automationtraining.NewTestAnnotations@3059cbc]" started-at="2021-12-26T18:24:11 CST" name="afterMethod" finished-at="2021-12-26T18:24:11 CST" duration-ms="1" status="PASS">
          <reporter-output>
          </reporter-output>
        </test-method> <!-- afterMethod -->
        <test-method is-config="true" signature="afterClass()[pri:0, instance:PeopleNtech.Automationtraining.NewTestAnnotations@3059cbc]" started-at="2021-12-26T18:24:11 CST" name="afterClass" finished-at="2021-12-26T18:24:11 CST" duration-ms="0" status="PASS">
          <reporter-output>
          </reporter-output>
        </test-method> <!-- afterClass -->
        <test-method is-config="true" signature="afterTest()[pri:0, instance:PeopleNtech.Automationtraining.NewTestAnnotations@3059cbc]" started-at="2021-12-26T18:24:11 CST" name="afterTest" finished-at="2021-12-26T18:24:11 CST" duration-ms="0" status="PASS">
          <reporter-output>
          </reporter-output>
        </test-method> <!-- afterTest -->
        <test-method is-config="true" signature="afterSuite()[pri:0, instance:PeopleNtech.Automationtraining.NewTestAnnotations@3059cbc]" started-at="2021-12-26T18:24:11 CST" name="afterSuite" finished-at="2021-12-26T18:24:11 CST" duration-ms="0" status="PASS">
          <reporter-output>
          </reporter-output>
        </test-method> <!-- afterSuite -->
      </class> <!-- PeopleNtech.Automationtraining.NewTestAnnotations -->
    </test> <!-- Default test -->
  </suite> <!-- Default suite -->
</testng-results>
